        -:    0:Source:cardtest3.c
        -:    0:Graph:cardtest3.gcno
        -:    0:Data:cardtest3.gcda
        -:    0:Runs:1
        -:    0:Programs:1
        -:    1:#include "assert.h"
        -:    2:#include "dominion.h"
        -:    3:#include <stdio.h>
        -:    4:#include "rngs.h"
        -:    5:#include <stdlib.h>
        -:    6:
        -:    7://Test Feast
        -:    8://Reference & Citation testBuyCard.c ws used for info on how to set up a game for test
        -:    9://NOTE: My Feast has a bug from assignment 2
        -:   10:/*
        -:   11: Feast: initialized line 1220 x = 0 instead of 1. The While loop will not trigger.
        -:   12: */
        -:   13:int main(int argc, char ** argv){
        1:   14:    printf("Card Test 3: Feast: Beginning\n");
        -:   15:    
        -:   16:    struct gameState G;
        -:   17:    int i, n, r, p, deckCount, discardCount, handCount;
        1:   18:    int testGame, randInt = 0;
        -:   19:    
        1:   20:    int k[10] = {adventurer, council_room, feast, gardens, mine,
        -:   21:        remodel, smithy, village, baron, great_hall};
        -:   22:    
        1:   23:    randInt = rand() % 10;
        -:   24:    //Creating a test game
        1:   25:    testGame = initializeGame(2, k, randInt, &G);
        2:   26:    assert(testGame == 0);
        -:   27:    
        -:   28:    //variables for testing
        1:   29:    int feastResult = -1; //set at any number besides 0 (0 == success)
        1:   30:    int currentPlayer = 0;
        -:   31:    int temphand[MAX_HAND];
        1:   32:    int choice1 = 1;
        -:   33:    
        1:   34:    feastResult = cardFeast (currentPlayer,&G, temphand,choice1);
        1:   35:    if (feastResult == -1) {
    #####:   36:        printf("Card Test 3: Feast: -1 Returned, Test Failed\n");
    #####:   37:    } else {
        1:   38:        printf("Card Test 3: Feast: 0 Returned, Test Passed\n");
        -:   39:    }
        -:   40:    
        -:   41:    
        1:   42:    printf("Card Test 3: Feast: Ended\n");
        1:   43:    return 0;
        -:   44:}
        -:   45:
        -:   46:
