        -:    0:Source:cardtest4.c
        -:    0:Graph:cardtest4.gcno
        -:    0:Data:cardtest4.gcda
        -:    0:Runs:1
        -:    0:Programs:1
        -:    1:#include "assert.h"
        -:    2:#include "dominion.h"
        -:    3:#include <stdio.h>
        -:    4:#include "rngs.h"
        -:    5:#include <stdlib.h>
        -:    6:
        -:    7://Test Village
        -:    8://Reference & Citation testBuyCard.c ws used for info on how to set up a game for test
        -:    9://NOTE: This test is not a card from assignment 2, should have no bugs and is implemented int he case statement and not in its own function
        -:   10:int main(int argc, char ** argv){
        1:   11:    printf("Card Test 4: Village: Beginning\n");
        -:   12:    
        -:   13:    struct gameState G;
        -:   14:    int i, n, r, p, deckCount, discardCount, handCount;
        1:   15:    int testGame, randInt = 0;
        -:   16:    
        1:   17:    int k[10] = {adventurer, council_room, feast, gardens, mine,
        -:   18:        remodel, smithy, village, baron, great_hall};
        -:   19:    
        1:   20:    randInt = rand() % 10;
        -:   21:    //Creating a test game
        1:   22:    testGame = initializeGame(2, k, randInt, &G);
        2:   23:    assert(testGame == 0);
        -:   24:    
        -:   25:    //variables for testing
        1:   26:    int villageResult = 2; //set at any number besides -1 or 0
        1:   27:    int currentPlayer = 0;
        1:   28:    int choice1 = 0;
        1:   29:    int choice2 = 0;
        1:   30:    int choice3 = 0;
        1:   31:    int handPos = 4;
        1:   32:    int bonus = 0;
        -:   33:    
        1:   34:    villageResult = cardEffect(village, choice1, choice2, choice3, &G, handPos, bonus);
        -:   35:    //printf("Card Test 4: Village: villageResult %d\n",villageResult);
        1:   36:    if (villageResult == -1) {
    #####:   37:        printf("Card Test 4: Village: -1 Returned, Test Failed\n");
    #####:   38:    } else {
        1:   39:        printf("Card Test 4: Village: 0 Returned, Test Passed\n");
        -:   40:    }
        -:   41:    
        -:   42:    
        1:   43:    printf("Card Test 4: Village: Ended\n");
        1:   44:    return 0;
        -:   45:}
        -:   46:
        -:   47:
