        -:    0:Source:unittest1.c
        -:    0:Graph:unittest1.gcno
        -:    0:Data:unittest1.gcda
        -:    0:Runs:1
        -:    0:Programs:1
        -:    1:#include "assert.h"
        -:    2:#include "dominion.h"
        -:    3:#include <stdio.h>
        -:    4:#include "rngs.h"
        -:    5:#include <stdlib.h>
        -:    6:
        -:    7://Test the Cost of a Card Function
        -:    8:int main(int argc, char ** argv){
        -:    9:    int x;
        1:   10:    x = getCost(0);
        1:   11:    printf("%d\n",x);
        -:   12:    
        1:   13:    if (x >= 0) {
        1:   14:        printf("Unit Test 1: getCost() Passed.\n");
        1:   15:    } else {
    #####:   16:        printf("Unit Test 1: getCost() Failed Cost is not a positive int.\n");
        -:   17:    }
        -:   18:    
        1:   19:    printf("Unit Test 1: Ended With Success\n");
        1:   20:    return 0;
        -:   21:}
